{"/Users/ns/Job_Test/be-test-ntx/app/config/auth.js": {"path":"/Users/ns/Job_Test/be-test-ntx/app/config/auth.js","statementMap":{"0":{"start":{"line":1,"column":0},"end":{"line":3,"column":2}}},"fnMap":{},"branchMap":{},"s":{"0":0},"f":{},"b":{}}
,"/Users/ns/Job_Test/be-test-ntx/app/config/db.js": {"path":"/Users/ns/Job_Test/be-test-ntx/app/config/db.js","statementMap":{"0":{"start":{"line":1,"column":15},"end":{"line":1,"column":32}},"1":{"start":{"line":2,"column":0},"end":{"line":2,"column":16}},"2":{"start":{"line":4,"column":0},"end":{"line":16,"column":2}}},"fnMap":{},"branchMap":{},"s":{"0":1,"1":1,"2":1},"f":{},"b":{},"_coverageSchema":"1a1c01bbd47fc00a2c39e90264f33305004495a9","hash":"16a869e01a285554786df888cd105aff9aa60d2e"}
,"/Users/ns/Job_Test/be-test-ntx/app/config/redis.js": {"path":"/Users/ns/Job_Test/be-test-ntx/app/config/redis.js","statementMap":{"0":{"start":{"line":1,"column":0},"end":{"line":1,"column":27}},"1":{"start":{"line":2,"column":14},"end":{"line":2,"column":30}},"2":{"start":{"line":3,"column":22},"end":{"line":3,"column":37}},"3":{"start":{"line":6,"column":20},"end":{"line":10,"column":2}},"4":{"start":{"line":12,"column":0},"end":{"line":22,"column":2}},"5":{"start":{"line":13,"column":2},"end":{"line":15,"column":5}},"6":{"start":{"line":14,"column":4},"end":{"line":14,"column":29}},"7":{"start":{"line":16,"column":2},"end":{"line":18,"column":5}},"8":{"start":{"line":17,"column":4},"end":{"line":17,"column":43}},"9":{"start":{"line":19,"column":2},"end":{"line":21,"column":5}},"10":{"start":{"line":20,"column":4},"end":{"line":20,"column":33}},"11":{"start":{"line":25,"column":17},"end":{"line":25,"column":61}},"12":{"start":{"line":26,"column":17},"end":{"line":26,"column":63}},"13":{"start":{"line":29,"column":0},"end":{"line":29,"column":28}},"14":{"start":{"line":31,"column":0},"end":{"line":31,"column":28}}},"fnMap":{"0":{"name":"(anonymous_0)","decl":{"start":{"line":12,"column":32},"end":{"line":12,"column":33}},"loc":{"start":{"line":12,"column":44},"end":{"line":22,"column":1}},"line":12},"1":{"name":"(anonymous_1)","decl":{"start":{"line":13,"column":26},"end":{"line":13,"column":27}},"loc":{"start":{"line":13,"column":35},"end":{"line":15,"column":3}},"line":13},"2":{"name":"(anonymous_2)","decl":{"start":{"line":16,"column":33},"end":{"line":16,"column":34}},"loc":{"start":{"line":16,"column":39},"end":{"line":18,"column":3}},"line":16},"3":{"name":"(anonymous_3)","decl":{"start":{"line":19,"column":26},"end":{"line":19,"column":27}},"loc":{"start":{"line":19,"column":32},"end":{"line":21,"column":3}},"line":19}},"branchMap":{},"s":{"0":1,"1":1,"2":1,"3":1,"4":1,"5":0,"6":0,"7":0,"8":0,"9":0,"10":0,"11":1,"12":1,"13":1,"14":1},"f":{"0":0,"1":0,"2":0,"3":0},"b":{},"_coverageSchema":"1a1c01bbd47fc00a2c39e90264f33305004495a9","hash":"200300bb2a548e02b93f056757e6e0988e5d5db6"}
,"/Users/ns/Job_Test/be-test-ntx/app/config/wss.js": {"path":"/Users/ns/Job_Test/be-test-ntx/app/config/wss.js","statementMap":{"0":{"start":{"line":1,"column":28},"end":{"line":1,"column":41}},"1":{"start":{"line":3,"column":12},"end":{"line":6,"column":2}},"2":{"start":{"line":8,"column":0},"end":{"line":8,"column":21}}},"fnMap":{},"branchMap":{},"s":{"0":1,"1":1,"2":1},"f":{},"b":{},"_coverageSchema":"1a1c01bbd47fc00a2c39e90264f33305004495a9","hash":"91efbc2a1071a8fcc65382a45f21757f2d53e5ab"}
,"/Users/ns/Job_Test/be-test-ntx/app/connector/liveThreatConnector.js": {"path":"/Users/ns/Job_Test/be-test-ntx/app/connector/liveThreatConnector.js","statementMap":{"0":{"start":{"line":1,"column":27},"end":{"line":1,"column":43}},"1":{"start":{"line":3,"column":18},"end":{"line":9,"column":1}},"2":{"start":{"line":4,"column":19},"end":{"line":6,"column":3}},"3":{"start":{"line":8,"column":2},"end":{"line":8,"column":18}},"4":{"start":{"line":11,"column":28},"end":{"line":13,"column":1}},"5":{"start":{"line":15,"column":0},"end":{"line":15,"column":37}}},"fnMap":{"0":{"name":"(anonymous_0)","decl":{"start":{"line":3,"column":18},"end":{"line":3,"column":19}},"loc":{"start":{"line":3,"column":30},"end":{"line":9,"column":1}},"line":3}},"branchMap":{},"s":{"0":1,"1":1,"2":0,"3":0,"4":1,"5":1},"f":{"0":0},"b":{},"_coverageSchema":"1a1c01bbd47fc00a2c39e90264f33305004495a9","hash":"4518eb560b71690e6f9d6eda8f6e5a6af1cc164f"}
,"/Users/ns/Job_Test/be-test-ntx/app/controllers/exampleController.js": {"path":"/Users/ns/Job_Test/be-test-ntx/app/controllers/exampleController.js","statementMap":{"0":{"start":{"line":1,"column":27},"end":{"line":1,"column":47}},"1":{"start":{"line":2,"column":11},"end":{"line":2,"column":31}},"2":{"start":{"line":3,"column":25},"end":{"line":3,"column":68}},"3":{"start":{"line":4,"column":23},"end":{"line":4,"column":64}},"4":{"start":{"line":5,"column":12},"end":{"line":5,"column":36}},"5":{"start":{"line":6,"column":28},"end":{"line":6,"column":71}},"6":{"start":{"line":7,"column":28},"end":{"line":7,"column":74}},"7":{"start":{"line":8,"column":19},"end":{"line":8,"column":43}},"8":{"start":{"line":9,"column":21},"end":{"line":9,"column":57}},"9":{"start":{"line":11,"column":0},"end":{"line":51,"column":2}},"10":{"start":{"line":13,"column":2},"end":{"line":50,"column":3}},"11":{"start":{"line":14,"column":20},"end":{"line":14,"column":52}},"12":{"start":{"line":17,"column":18},"end":{"line":17,"column":54}},"13":{"start":{"line":17,"column":51},"end":{"line":17,"column":53}},"14":{"start":{"line":20,"column":4},"end":{"line":26,"column":5}},"15":{"start":{"line":21,"column":6},"end":{"line":25,"column":7}},"16":{"start":{"line":22,"column":8},"end":{"line":24,"column":9}},"17":{"start":{"line":23,"column":10},"end":{"line":23,"column":31}},"18":{"start":{"line":29,"column":23},"end":{"line":35,"column":6}},"19":{"start":{"line":30,"column":6},"end":{"line":32,"column":7}},"20":{"start":{"line":31,"column":8},"end":{"line":31,"column":61}},"21":{"start":{"line":31,"column":46},"end":{"line":31,"column":51}},"22":{"start":{"line":34,"column":6},"end":{"line":34,"column":15}},"23":{"start":{"line":37,"column":4},"end":{"line":41,"column":7}},"24":{"start":{"line":43,"column":23},"end":{"line":43,"column":44}},"25":{"start":{"line":45,"column":4},"end":{"line":49,"column":7}},"26":{"start":{"line":53,"column":0},"end":{"line":77,"column":2}},"27":{"start":{"line":55,"column":2},"end":{"line":76,"column":3}},"28":{"start":{"line":57,"column":17},"end":{"line":57,"column":56}},"29":{"start":{"line":60,"column":4},"end":{"line":60,"column":49}},"30":{"start":{"line":62,"column":4},"end":{"line":67,"column":7}},"31":{"start":{"line":69,"column":23},"end":{"line":69,"column":44}},"32":{"start":{"line":71,"column":4},"end":{"line":75,"column":7}},"33":{"start":{"line":79,"column":0},"end":{"line":115,"column":2}},"34":{"start":{"line":81,"column":2},"end":{"line":107,"column":5}},"35":{"start":{"line":82,"column":4},"end":{"line":82,"column":62}},"36":{"start":{"line":85,"column":23},"end":{"line":95,"column":21}},"37":{"start":{"line":86,"column":6},"end":{"line":94,"column":7}},"38":{"start":{"line":87,"column":21},"end":{"line":87,"column":58}},"39":{"start":{"line":88,"column":8},"end":{"line":88,"column":43}},"40":{"start":{"line":90,"column":8},"end":{"line":90,"column":51}},"41":{"start":{"line":91,"column":8},"end":{"line":93,"column":10}},"42":{"start":{"line":98,"column":4},"end":{"line":100,"column":7}},"43":{"start":{"line":99,"column":6},"end":{"line":99,"column":78}},"44":{"start":{"line":103,"column":4},"end":{"line":106,"column":7}},"45":{"start":{"line":104,"column":6},"end":{"line":104,"column":53}},"46":{"start":{"line":105,"column":6},"end":{"line":105,"column":32}},"47":{"start":{"line":110,"column":2},"end":{"line":114,"column":5}},"48":{"start":{"line":111,"column":4},"end":{"line":113,"column":7}},"49":{"start":{"line":112,"column":6},"end":{"line":112,"column":42}},"50":{"start":{"line":117,"column":0},"end":{"line":154,"column":2}},"51":{"start":{"line":118,"column":2},"end":{"line":153,"column":3}},"52":{"start":{"line":120,"column":15},"end":{"line":120,"column":66}},"53":{"start":{"line":123,"column":4},"end":{"line":126,"column":5}},"54":{"start":{"line":124,"column":6},"end":{"line":124,"column":49}},"55":{"start":{"line":125,"column":6},"end":{"line":125,"column":62}},"56":{"start":{"line":128,"column":25},"end":{"line":128,"column":64}},"57":{"start":{"line":128,"column":44},"end":{"line":128,"column":63}},"58":{"start":{"line":129,"column":30},"end":{"line":129,"column":74}},"59":{"start":{"line":129,"column":49},"end":{"line":129,"column":73}},"60":{"start":{"line":131,"column":4},"end":{"line":144,"column":7}},"61":{"start":{"line":136,"column":37},"end":{"line":136,"column":46}},"62":{"start":{"line":137,"column":42},"end":{"line":137,"column":51}},"63":{"start":{"line":140,"column":37},"end":{"line":140,"column":44}},"64":{"start":{"line":141,"column":42},"end":{"line":141,"column":49}},"65":{"start":{"line":146,"column":23},"end":{"line":146,"column":44}},"66":{"start":{"line":148,"column":4},"end":{"line":152,"column":7}},"67":{"start":{"line":156,"column":0},"end":{"line":192,"column":2}},"68":{"start":{"line":157,"column":2},"end":{"line":191,"column":3}},"69":{"start":{"line":159,"column":17},"end":{"line":159,"column":71}},"70":{"start":{"line":161,"column":25},"end":{"line":161,"column":68}},"71":{"start":{"line":163,"column":4},"end":{"line":169,"column":5}},"72":{"start":{"line":164,"column":6},"end":{"line":168,"column":9}},"73":{"start":{"line":172,"column":18},"end":{"line":172,"column":58}},"74":{"start":{"line":173,"column":4},"end":{"line":173,"column":30}},"75":{"start":{"line":175,"column":4},"end":{"line":182,"column":7}},"76":{"start":{"line":184,"column":23},"end":{"line":184,"column":44}},"77":{"start":{"line":186,"column":4},"end":{"line":190,"column":7}}},"fnMap":{"0":{"name":"(anonymous_0)","decl":{"start":{"line":11,"column":23},"end":{"line":11,"column":24}},"loc":{"start":{"line":11,"column":43},"end":{"line":51,"column":1}},"line":11},"1":{"name":"(anonymous_1)","decl":{"start":{"line":17,"column":45},"end":{"line":17,"column":46}},"loc":{"start":{"line":17,"column":51},"end":{"line":17,"column":53}},"line":17},"2":{"name":"(anonymous_2)","decl":{"start":{"line":29,"column":33},"end":{"line":29,"column":34}},"loc":{"start":{"line":29,"column":52},"end":{"line":35,"column":5}},"line":29},"3":{"name":"(anonymous_3)","decl":{"start":{"line":31,"column":36},"end":{"line":31,"column":37}},"loc":{"start":{"line":31,"column":46},"end":{"line":31,"column":51}},"line":31},"4":{"name":"(anonymous_4)","decl":{"start":{"line":53,"column":23},"end":{"line":53,"column":24}},"loc":{"start":{"line":53,"column":43},"end":{"line":77,"column":1}},"line":53},"5":{"name":"(anonymous_5)","decl":{"start":{"line":79,"column":26},"end":{"line":79,"column":27}},"loc":{"start":{"line":79,"column":38},"end":{"line":115,"column":1}},"line":79},"6":{"name":"(anonymous_6)","decl":{"start":{"line":81,"column":23},"end":{"line":81,"column":24}},"loc":{"start":{"line":81,"column":40},"end":{"line":107,"column":3}},"line":81},"7":{"name":"(anonymous_7)","decl":{"start":{"line":85,"column":35},"end":{"line":85,"column":36}},"loc":{"start":{"line":85,"column":47},"end":{"line":95,"column":5}},"line":85},"8":{"name":"(anonymous_8)","decl":{"start":{"line":98,"column":21},"end":{"line":98,"column":22}},"loc":{"start":{"line":98,"column":34},"end":{"line":100,"column":5}},"line":98},"9":{"name":"(anonymous_9)","decl":{"start":{"line":103,"column":19},"end":{"line":103,"column":20}},"loc":{"start":{"line":103,"column":25},"end":{"line":106,"column":5}},"line":103},"10":{"name":"(anonymous_10)","decl":{"start":{"line":110,"column":23},"end":{"line":110,"column":24}},"loc":{"start":{"line":110,"column":50},"end":{"line":114,"column":3}},"line":110},"11":{"name":"(anonymous_11)","decl":{"start":{"line":111,"column":45},"end":{"line":111,"column":46}},"loc":{"start":{"line":111,"column":53},"end":{"line":113,"column":5}},"line":111},"12":{"name":"(anonymous_12)","decl":{"start":{"line":117,"column":18},"end":{"line":117,"column":19}},"loc":{"start":{"line":117,"column":38},"end":{"line":154,"column":1}},"line":117},"13":{"name":"(anonymous_13)","decl":{"start":{"line":128,"column":37},"end":{"line":128,"column":38}},"loc":{"start":{"line":128,"column":44},"end":{"line":128,"column":63}},"line":128},"14":{"name":"(anonymous_14)","decl":{"start":{"line":129,"column":42},"end":{"line":129,"column":43}},"loc":{"start":{"line":129,"column":49},"end":{"line":129,"column":73}},"line":129},"15":{"name":"(anonymous_15)","decl":{"start":{"line":136,"column":30},"end":{"line":136,"column":31}},"loc":{"start":{"line":136,"column":37},"end":{"line":136,"column":46}},"line":136},"16":{"name":"(anonymous_16)","decl":{"start":{"line":137,"column":35},"end":{"line":137,"column":36}},"loc":{"start":{"line":137,"column":42},"end":{"line":137,"column":51}},"line":137},"17":{"name":"(anonymous_17)","decl":{"start":{"line":140,"column":30},"end":{"line":140,"column":31}},"loc":{"start":{"line":140,"column":37},"end":{"line":140,"column":44}},"line":140},"18":{"name":"(anonymous_18)","decl":{"start":{"line":141,"column":35},"end":{"line":141,"column":36}},"loc":{"start":{"line":141,"column":42},"end":{"line":141,"column":49}},"line":141},"19":{"name":"(anonymous_19)","decl":{"start":{"line":156,"column":16},"end":{"line":156,"column":17}},"loc":{"start":{"line":156,"column":36},"end":{"line":192,"column":1}},"line":156}},"branchMap":{"0":{"loc":{"start":{"line":22,"column":8},"end":{"line":24,"column":9}},"type":"if","locations":[{"start":{"line":22,"column":8},"end":{"line":24,"column":9}},{"start":{},"end":{}}],"line":22},"1":{"loc":{"start":{"line":30,"column":6},"end":{"line":32,"column":7}},"type":"if","locations":[{"start":{"line":30,"column":6},"end":{"line":32,"column":7}},{"start":{},"end":{}}],"line":30},"2":{"loc":{"start":{"line":43,"column":23},"end":{"line":43,"column":44}},"type":"binary-expr","locations":[{"start":{"line":43,"column":23},"end":{"line":43,"column":37}},{"start":{"line":43,"column":41},"end":{"line":43,"column":44}}],"line":43},"3":{"loc":{"start":{"line":48,"column":15},"end":{"line":48,"column":52}},"type":"binary-expr","locations":[{"start":{"line":48,"column":15},"end":{"line":48,"column":26}},{"start":{"line":48,"column":30},"end":{"line":48,"column":52}}],"line":48},"4":{"loc":{"start":{"line":69,"column":23},"end":{"line":69,"column":44}},"type":"binary-expr","locations":[{"start":{"line":69,"column":23},"end":{"line":69,"column":37}},{"start":{"line":69,"column":41},"end":{"line":69,"column":44}}],"line":69},"5":{"loc":{"start":{"line":74,"column":15},"end":{"line":74,"column":52}},"type":"binary-expr","locations":[{"start":{"line":74,"column":15},"end":{"line":74,"column":26}},{"start":{"line":74,"column":30},"end":{"line":74,"column":52}}],"line":74},"6":{"loc":{"start":{"line":123,"column":4},"end":{"line":126,"column":5}},"type":"if","locations":[{"start":{"line":123,"column":4},"end":{"line":126,"column":5}},{"start":{},"end":{}}],"line":123},"7":{"loc":{"start":{"line":146,"column":23},"end":{"line":146,"column":44}},"type":"binary-expr","locations":[{"start":{"line":146,"column":23},"end":{"line":146,"column":37}},{"start":{"line":146,"column":41},"end":{"line":146,"column":44}}],"line":146},"8":{"loc":{"start":{"line":151,"column":15},"end":{"line":151,"column":52}},"type":"binary-expr","locations":[{"start":{"line":151,"column":15},"end":{"line":151,"column":26}},{"start":{"line":151,"column":30},"end":{"line":151,"column":52}}],"line":151},"9":{"loc":{"start":{"line":163,"column":4},"end":{"line":169,"column":5}},"type":"if","locations":[{"start":{"line":163,"column":4},"end":{"line":169,"column":5}},{"start":{},"end":{}}],"line":163},"10":{"loc":{"start":{"line":184,"column":23},"end":{"line":184,"column":44}},"type":"binary-expr","locations":[{"start":{"line":184,"column":23},"end":{"line":184,"column":37}},{"start":{"line":184,"column":41},"end":{"line":184,"column":44}}],"line":184},"11":{"loc":{"start":{"line":189,"column":15},"end":{"line":189,"column":52}},"type":"binary-expr","locations":[{"start":{"line":189,"column":15},"end":{"line":189,"column":26}},{"start":{"line":189,"column":30},"end":{"line":189,"column":52}}],"line":189}},"s":{"0":1,"1":1,"2":1,"3":1,"4":1,"5":1,"6":1,"7":1,"8":1,"9":1,"10":2,"11":2,"12":1,"13":10,"14":1,"15":12,"16":51,"17":51,"18":1,"19":10,"20":5,"21":51,"22":5,"23":1,"24":1,"25":1,"26":1,"27":2,"28":2,"29":1,"30":1,"31":1,"32":1,"33":1,"34":1,"35":1,"36":1,"37":3,"38":3,"39":3,"40":0,"41":0,"42":1,"43":1,"44":1,"45":0,"46":0,"47":1,"48":0,"49":0,"50":1,"51":3,"52":3,"53":2,"54":1,"55":1,"56":2,"57":16,"58":2,"59":16,"60":2,"61":8,"62":8,"63":8,"64":8,"65":1,"66":1,"67":1,"68":0,"69":0,"70":0,"71":0,"72":0,"73":0,"74":0,"75":0,"76":0,"77":0},"f":{"0":2,"1":10,"2":10,"3":51,"4":2,"5":1,"6":1,"7":3,"8":1,"9":0,"10":0,"11":0,"12":3,"13":16,"14":16,"15":8,"16":8,"17":8,"18":8,"19":0},"b":{"0":[51,0],"1":[5,5],"2":[1,1],"3":[1,1],"4":[1,1],"5":[1,1],"6":[1,1],"7":[1,1],"8":[1,1],"9":[0,0],"10":[0,0],"11":[0,0]},"_coverageSchema":"1a1c01bbd47fc00a2c39e90264f33305004495a9","hash":"169af4551f709446cc8b89634069c2478d7b9b17"}
,"/Users/ns/Job_Test/be-test-ntx/app/middleware/authMiddleware.js": {"path":"/Users/ns/Job_Test/be-test-ntx/app/middleware/authMiddleware.js","statementMap":{"0":{"start":{"line":1,"column":23},"end":{"line":1,"column":64}},"1":{"start":{"line":2,"column":21},"end":{"line":2,"column":57}},"2":{"start":{"line":4,"column":0},"end":{"line":49,"column":2}},"3":{"start":{"line":6,"column":2},"end":{"line":48,"column":3}},"4":{"start":{"line":8,"column":4},"end":{"line":13,"column":5}},"5":{"start":{"line":12,"column":6},"end":{"line":12,"column":54}},"6":{"start":{"line":15,"column":4},"end":{"line":21,"column":5}},"7":{"start":{"line":16,"column":6},"end":{"line":20,"column":9}},"8":{"start":{"line":24,"column":19},"end":{"line":24,"column":51}},"9":{"start":{"line":27,"column":17},"end":{"line":27,"column":69}},"10":{"start":{"line":29,"column":4},"end":{"line":35,"column":5}},"11":{"start":{"line":30,"column":6},"end":{"line":34,"column":9}},"12":{"start":{"line":37,"column":4},"end":{"line":37,"column":20}},"13":{"start":{"line":38,"column":4},"end":{"line":38,"column":27}},"14":{"start":{"line":40,"column":4},"end":{"line":40,"column":18}},"15":{"start":{"line":42,"column":4},"end":{"line":42,"column":23}},"16":{"start":{"line":43,"column":4},"end":{"line":47,"column":7}},"17":{"start":{"line":51,"column":0},"end":{"line":63,"column":2}},"18":{"start":{"line":52,"column":2},"end":{"line":62,"column":4}},"19":{"start":{"line":53,"column":4},"end":{"line":59,"column":5}},"20":{"start":{"line":54,"column":6},"end":{"line":58,"column":9}},"21":{"start":{"line":61,"column":4},"end":{"line":61,"column":18}}},"fnMap":{"0":{"name":"(anonymous_0)","decl":{"start":{"line":4,"column":18},"end":{"line":4,"column":19}},"loc":{"start":{"line":4,"column":44},"end":{"line":49,"column":1}},"line":4},"1":{"name":"(anonymous_1)","decl":{"start":{"line":51,"column":18},"end":{"line":51,"column":19}},"loc":{"start":{"line":51,"column":32},"end":{"line":63,"column":1}},"line":51},"2":{"name":"(anonymous_2)","decl":{"start":{"line":52,"column":9},"end":{"line":52,"column":10}},"loc":{"start":{"line":52,"column":29},"end":{"line":62,"column":3}},"line":52}},"branchMap":{"0":{"loc":{"start":{"line":8,"column":4},"end":{"line":13,"column":5}},"type":"if","locations":[{"start":{"line":8,"column":4},"end":{"line":13,"column":5}},{"start":{},"end":{}}],"line":8},"1":{"loc":{"start":{"line":9,"column":6},"end":{"line":10,"column":52}},"type":"binary-expr","locations":[{"start":{"line":9,"column":6},"end":{"line":9,"column":31}},{"start":{"line":10,"column":6},"end":{"line":10,"column":52}}],"line":9},"2":{"loc":{"start":{"line":15,"column":4},"end":{"line":21,"column":5}},"type":"if","locations":[{"start":{"line":15,"column":4},"end":{"line":21,"column":5}},{"start":{},"end":{}}],"line":15},"3":{"loc":{"start":{"line":29,"column":4},"end":{"line":35,"column":5}},"type":"if","locations":[{"start":{"line":29,"column":4},"end":{"line":35,"column":5}},{"start":{},"end":{}}],"line":29},"4":{"loc":{"start":{"line":53,"column":4},"end":{"line":59,"column":5}},"type":"if","locations":[{"start":{"line":53,"column":4},"end":{"line":59,"column":5}},{"start":{},"end":{}}],"line":53}},"s":{"0":0,"1":0,"2":0,"3":0,"4":0,"5":0,"6":0,"7":0,"8":0,"9":0,"10":0,"11":0,"12":0,"13":0,"14":0,"15":0,"16":0,"17":0,"18":0,"19":0,"20":0,"21":0},"f":{"0":0,"1":0,"2":0},"b":{"0":[0,0],"1":[0,0],"2":[0,0],"3":[0,0],"4":[0,0]}}
,"/Users/ns/Job_Test/be-test-ntx/app/middleware/exampleMiddleware.js": {"path":"/Users/ns/Job_Test/be-test-ntx/app/middleware/exampleMiddleware.js","statementMap":{"0":{"start":{"line":1,"column":11},"end":{"line":1,"column":31}},"1":{"start":{"line":4,"column":0},"end":{"line":6,"column":2}},"2":{"start":{"line":8,"column":15},"end":{"line":10,"column":1}},"3":{"start":{"line":12,"column":0},"end":{"line":12,"column":24}}},"fnMap":{"0":{"name":"(anonymous_0)","decl":{"start":{"line":4,"column":28},"end":{"line":4,"column":29}},"loc":{"start":{"line":4,"column":48},"end":{"line":6,"column":1}},"line":4}},"branchMap":{},"s":{"0":0,"1":0,"2":0,"3":0},"f":{"0":0},"b":{}}
,"/Users/ns/Job_Test/be-test-ntx/app/middleware/index.js": {"path":"/Users/ns/Job_Test/be-test-ntx/app/middleware/index.js","statementMap":{"0":{"start":{"line":1,"column":26},"end":{"line":1,"column":56}},"1":{"start":{"line":3,"column":0},"end":{"line":5,"column":2}}},"fnMap":{},"branchMap":{},"s":{"0":0,"1":0},"f":{},"b":{}}
,"/Users/ns/Job_Test/be-test-ntx/app/models/Example.js": {"path":"/Users/ns/Job_Test/be-test-ntx/app/models/Example.js","statementMap":{"0":{"start":{"line":1,"column":0},"end":{"line":12,"column":2}},"1":{"start":{"line":2,"column":18},"end":{"line":10,"column":3}},"2":{"start":{"line":11,"column":2},"end":{"line":11,"column":17}}},"fnMap":{"0":{"name":"(anonymous_0)","decl":{"start":{"line":1,"column":17},"end":{"line":1,"column":18}},"loc":{"start":{"line":1,"column":43},"end":{"line":12,"column":1}},"line":1}},"branchMap":{},"s":{"0":0,"1":0,"2":0},"f":{"0":0},"b":{}}
,"/Users/ns/Job_Test/be-test-ntx/app/models/index.js": {"path":"/Users/ns/Job_Test/be-test-ntx/app/models/index.js","statementMap":{"0":{"start":{"line":1,"column":15},"end":{"line":1,"column":38}},"1":{"start":{"line":3,"column":18},"end":{"line":3,"column":38}},"2":{"start":{"line":4,"column":18},"end":{"line":15,"column":2}},"3":{"start":{"line":17,"column":11},"end":{"line":17,"column":13}},"4":{"start":{"line":19,"column":0},"end":{"line":19,"column":25}},"5":{"start":{"line":20,"column":0},"end":{"line":20,"column":25}},"6":{"start":{"line":38,"column":0},"end":{"line":38,"column":20}}},"fnMap":{},"branchMap":{},"s":{"0":1,"1":1,"2":1,"3":1,"4":1,"5":1,"6":1},"f":{},"b":{},"_coverageSchema":"1a1c01bbd47fc00a2c39e90264f33305004495a9","hash":"13b9b45ab54d7f31b0b72ee2edcd615a647d88cf"}
,"/Users/ns/Job_Test/be-test-ntx/app/repositories/surveyRepository.js": {"path":"/Users/ns/Job_Test/be-test-ntx/app/repositories/surveyRepository.js","statementMap":{"0":{"start":{"line":1,"column":27},"end":{"line":1,"column":47}},"1":{"start":{"line":2,"column":11},"end":{"line":2,"column":31}},"2":{"start":{"line":10,"column":16},"end":{"line":15,"column":1}},"3":{"start":{"line":11,"column":14},"end":{"line":11,"column":39}},"4":{"start":{"line":12,"column":2},"end":{"line":14,"column":5}},"5":{"start":{"line":24,"column":15},"end":{"line":38,"column":1}},"6":{"start":{"line":25,"column":14},"end":{"line":26,"column":77}},"7":{"start":{"line":27,"column":17},"end":{"line":35,"column":4}},"8":{"start":{"line":37,"column":2},"end":{"line":37,"column":22}},"9":{"start":{"line":40,"column":25},"end":{"line":43,"column":1}},"10":{"start":{"line":45,"column":0},"end":{"line":45,"column":34}}},"fnMap":{"0":{"name":"(anonymous_0)","decl":{"start":{"line":10,"column":16},"end":{"line":10,"column":17}},"loc":{"start":{"line":10,"column":28},"end":{"line":15,"column":1}},"line":10},"1":{"name":"(anonymous_1)","decl":{"start":{"line":24,"column":15},"end":{"line":24,"column":16}},"loc":{"start":{"line":24,"column":31},"end":{"line":38,"column":1}},"line":24}},"branchMap":{},"s":{"0":1,"1":1,"2":1,"3":0,"4":0,"5":1,"6":0,"7":0,"8":0,"9":1,"10":1},"f":{"0":0,"1":0},"b":{},"_coverageSchema":"1a1c01bbd47fc00a2c39e90264f33305004495a9","hash":"2297d9321dca9e0c9e51e92e482db33f13c58572"}
,"/Users/ns/Job_Test/be-test-ntx/app/repositories/threatMapRepository.js": {"path":"/Users/ns/Job_Test/be-test-ntx/app/repositories/threatMapRepository.js","statementMap":{"0":{"start":{"line":1,"column":27},"end":{"line":1,"column":47}},"1":{"start":{"line":2,"column":11},"end":{"line":2,"column":31}},"2":{"start":{"line":3,"column":14},"end":{"line":3,"column":40}},"3":{"start":{"line":11,"column":16},"end":{"line":24,"column":1}},"4":{"start":{"line":12,"column":14},"end":{"line":20,"column":1}},"5":{"start":{"line":21,"column":2},"end":{"line":23,"column":5}},"6":{"start":{"line":32,"column":32},"end":{"line":36,"column":1}},"7":{"start":{"line":33,"column":16},"end":{"line":33,"column":55}},"8":{"start":{"line":35,"column":2},"end":{"line":35,"column":42}},"9":{"start":{"line":45,"column":32},"end":{"line":47,"column":1}},"10":{"start":{"line":46,"column":2},"end":{"line":46,"column":71}},"11":{"start":{"line":49,"column":28},"end":{"line":53,"column":1}},"12":{"start":{"line":55,"column":0},"end":{"line":55,"column":37}}},"fnMap":{"0":{"name":"(anonymous_0)","decl":{"start":{"line":11,"column":16},"end":{"line":11,"column":17}},"loc":{"start":{"line":11,"column":28},"end":{"line":24,"column":1}},"line":11},"1":{"name":"(anonymous_1)","decl":{"start":{"line":32,"column":32},"end":{"line":32,"column":33}},"loc":{"start":{"line":32,"column":44},"end":{"line":36,"column":1}},"line":32},"2":{"name":"(anonymous_2)","decl":{"start":{"line":45,"column":32},"end":{"line":45,"column":33}},"loc":{"start":{"line":45,"column":48},"end":{"line":47,"column":1}},"line":45}},"branchMap":{"0":{"loc":{"start":{"line":35,"column":9},"end":{"line":35,"column":41}},"type":"cond-expr","locations":[{"start":{"line":35,"column":17},"end":{"line":35,"column":34}},{"start":{"line":35,"column":37},"end":{"line":35,"column":41}}],"line":35}},"s":{"0":1,"1":1,"2":1,"3":1,"4":0,"5":0,"6":1,"7":0,"8":0,"9":1,"10":0,"11":1,"12":1},"f":{"0":0,"1":0,"2":0},"b":{"0":[0,0]},"_coverageSchema":"1a1c01bbd47fc00a2c39e90264f33305004495a9","hash":"f70257e208dbef813c245a56f44aa2ecb427893a"}
,"/Users/ns/Job_Test/be-test-ntx/app/repositories/userRepository.js": {"path":"/Users/ns/Job_Test/be-test-ntx/app/repositories/userRepository.js","statementMap":{"0":{"start":{"line":1,"column":27},"end":{"line":1,"column":47}},"1":{"start":{"line":2,"column":11},"end":{"line":2,"column":31}},"2":{"start":{"line":3,"column":13},"end":{"line":3,"column":37}},"3":{"start":{"line":12,"column":15},"end":{"line":21,"column":1}},"4":{"start":{"line":13,"column":14},"end":{"line":13,"column":70}},"5":{"start":{"line":14,"column":2},"end":{"line":20,"column":5}},"6":{"start":{"line":30,"column":23},"end":{"line":40,"column":1}},"7":{"start":{"line":31,"column":14},"end":{"line":31,"column":72}},"8":{"start":{"line":32,"column":15},"end":{"line":37,"column":4}},"9":{"start":{"line":39,"column":2},"end":{"line":39,"column":50}},"10":{"start":{"line":42,"column":23},"end":{"line":45,"column":1}},"11":{"start":{"line":47,"column":0},"end":{"line":47,"column":32}}},"fnMap":{"0":{"name":"(anonymous_0)","decl":{"start":{"line":12,"column":15},"end":{"line":12,"column":16}},"loc":{"start":{"line":12,"column":29},"end":{"line":21,"column":1}},"line":12},"1":{"name":"(anonymous_1)","decl":{"start":{"line":30,"column":23},"end":{"line":30,"column":24}},"loc":{"start":{"line":30,"column":43},"end":{"line":40,"column":1}},"line":30}},"branchMap":{"0":{"loc":{"start":{"line":39,"column":9},"end":{"line":39,"column":49}},"type":"cond-expr","locations":[{"start":{"line":39,"column":35},"end":{"line":39,"column":42}},{"start":{"line":39,"column":45},"end":{"line":39,"column":49}}],"line":39},"1":{"loc":{"start":{"line":39,"column":9},"end":{"line":39,"column":32}},"type":"binary-expr","locations":[{"start":{"line":39,"column":9},"end":{"line":39,"column":13}},{"start":{"line":39,"column":17},"end":{"line":39,"column":32}}],"line":39}},"s":{"0":1,"1":1,"2":1,"3":1,"4":0,"5":0,"6":1,"7":0,"8":0,"9":0,"10":1,"11":1},"f":{"0":0,"1":0},"b":{"0":[0,0],"1":[0,0]},"_coverageSchema":"1a1c01bbd47fc00a2c39e90264f33305004495a9","hash":"9783af5e70b2aec748576b6381b16cc7114a27c4"}
,"/Users/ns/Job_Test/be-test-ntx/app/routes/exampleRoutes.js": {"path":"/Users/ns/Job_Test/be-test-ntx/app/routes/exampleRoutes.js","statementMap":{"0":{"start":{"line":1,"column":30},"end":{"line":1,"column":54}},"1":{"start":{"line":2,"column":26},"end":{"line":2,"column":69}},"2":{"start":{"line":3,"column":23},"end":{"line":3,"column":62}},"3":{"start":{"line":5,"column":0},"end":{"line":42,"column":2}},"4":{"start":{"line":6,"column":2},"end":{"line":12,"column":5}},"5":{"start":{"line":7,"column":4},"end":{"line":10,"column":6}},"6":{"start":{"line":11,"column":4},"end":{"line":11,"column":11}},"7":{"start":{"line":14,"column":17},"end":{"line":14,"column":44}},"8":{"start":{"line":16,"column":2},"end":{"line":16,"column":44}},"9":{"start":{"line":18,"column":2},"end":{"line":18,"column":49}},"10":{"start":{"line":20,"column":2},"end":{"line":25,"column":4}},"11":{"start":{"line":27,"column":2},"end":{"line":32,"column":4}},"12":{"start":{"line":34,"column":2},"end":{"line":39,"column":4}},"13":{"start":{"line":41,"column":2},"end":{"line":41,"column":26}}},"fnMap":{"0":{"name":"(anonymous_0)","decl":{"start":{"line":5,"column":17},"end":{"line":5,"column":18}},"loc":{"start":{"line":5,"column":34},"end":{"line":42,"column":1}},"line":5},"1":{"name":"(anonymous_1)","decl":{"start":{"line":6,"column":10},"end":{"line":6,"column":11}},"loc":{"start":{"line":6,"column":30},"end":{"line":12,"column":3}},"line":6}},"branchMap":{},"s":{"0":0,"1":0,"2":0,"3":0,"4":0,"5":0,"6":0,"7":0,"8":0,"9":0,"10":0,"11":0,"12":0,"13":0},"f":{"0":0,"1":0},"b":{}}
,"/Users/ns/Job_Test/be-test-ntx/app/services/tokenServices.js": {"path":"/Users/ns/Job_Test/be-test-ntx/app/services/tokenServices.js","statementMap":{"0":{"start":{"line":1,"column":12},"end":{"line":1,"column":35}},"1":{"start":{"line":2,"column":22},"end":{"line":2,"column":37}},"2":{"start":{"line":4,"column":19},"end":{"line":12,"column":1}},"3":{"start":{"line":5,"column":2},"end":{"line":11,"column":4}},"4":{"start":{"line":14,"column":24},"end":{"line":20,"column":1}},"5":{"start":{"line":15,"column":16},"end":{"line":15,"column":38}},"6":{"start":{"line":17,"column":2},"end":{"line":17,"column":28}},"7":{"start":{"line":19,"column":2},"end":{"line":19,"column":15}},"8":{"start":{"line":23,"column":15},"end":{"line":25,"column":1}},"9":{"start":{"line":24,"column":2},"end":{"line":24,"column":62}},"10":{"start":{"line":27,"column":21},"end":{"line":30,"column":1}},"11":{"start":{"line":32,"column":0},"end":{"line":32,"column":30}}},"fnMap":{"0":{"name":"(anonymous_0)","decl":{"start":{"line":4,"column":19},"end":{"line":4,"column":20}},"loc":{"start":{"line":4,"column":35},"end":{"line":12,"column":1}},"line":4},"1":{"name":"(anonymous_1)","decl":{"start":{"line":14,"column":24},"end":{"line":14,"column":25}},"loc":{"start":{"line":14,"column":40},"end":{"line":20,"column":1}},"line":14},"2":{"name":"(anonymous_2)","decl":{"start":{"line":23,"column":15},"end":{"line":23,"column":16}},"loc":{"start":{"line":23,"column":32},"end":{"line":25,"column":1}},"line":23}},"branchMap":{},"s":{"0":1,"1":1,"2":1,"3":0,"4":1,"5":0,"6":0,"7":0,"8":1,"9":0,"10":1,"11":1},"f":{"0":0,"1":0,"2":0},"b":{},"_coverageSchema":"1a1c01bbd47fc00a2c39e90264f33305004495a9","hash":"3c7e38078ce086ac82223cb4687446bef29c6daf"}
,"/Users/ns/Job_Test/be-test-ntx/app/utils/hash.js": {"path":"/Users/ns/Job_Test/be-test-ntx/app/utils/hash.js","statementMap":{"0":{"start":{"line":1,"column":23},"end":{"line":1,"column":40}},"1":{"start":{"line":3,"column":15},"end":{"line":5,"column":1}},"2":{"start":{"line":4,"column":2},"end":{"line":4,"column":60}},"3":{"start":{"line":7,"column":13},"end":{"line":9,"column":1}},"4":{"start":{"line":11,"column":0},"end":{"line":11,"column":22}}},"fnMap":{"0":{"name":"(anonymous_0)","decl":{"start":{"line":3,"column":15},"end":{"line":3,"column":16}},"loc":{"start":{"line":3,"column":28},"end":{"line":5,"column":1}},"line":3}},"branchMap":{},"s":{"0":1,"1":1,"2":0,"3":1,"4":1},"f":{"0":0},"b":{},"_coverageSchema":"1a1c01bbd47fc00a2c39e90264f33305004495a9","hash":"c0e5c080b6fe9ad3dbbb1fbef7fe4e6f08f251f8"}
}
